<?xml version="1.0" encoding="utf-8"?><testsuites name="pytest tests"><testsuite name="pytest" errors="0" failures="0" skipped="0" tests="13" time="4.168" timestamp="2026-04-02T22:58:16.714655+00:00" hostname="agent-env-eae7c7c0-102d-4240-a5a4-bff7dc33aef8"><testcase classname="backend.tests.test_v9_features.TestAuth" name="test_login_success" time="0.548" /><testcase classname="backend.tests.test_v9_features.TestPortfolioOptimizer" name="test_get_optimizer_assets" time="0.384" /><testcase classname="backend.tests.test_v9_features.TestPortfolioOptimizer" name="test_optimize_with_views" time="0.052" /><testcase classname="backend.tests.test_v9_features.TestPortfolioOptimizer" name="test_optimize_without_views" time="0.053" /><testcase classname="backend.tests.test_v9_features.TestRiskTrends" name="test_save_risk_snapshot" time="0.414" /><testcase classname="backend.tests.test_v9_features.TestRiskTrends" name="test_get_risk_trends" time="0.052" /><testcase classname="backend.tests.test_v9_features.TestRiskTrends" name="test_get_risk_trend_summary" time="0.056" /><testcase classname="backend.tests.test_v9_features.TestEmailDigest" name="test_get_email_preferences" time="0.377" /><testcase classname="backend.tests.test_v9_features.TestEmailDigest" name="test_save_email_preferences" time="0.044" /><testcase classname="backend.tests.test_v9_features.TestEmailDigest" name="test_send_digest" time="1.458" /><testcase classname="backend.tests.test_v9_features.TestEmailDigest" name="test_get_digest_history" time="0.053" /><testcase classname="backend.tests.test_v9_features.TestDashboardNavigation" name="test_portfolio_optimizer_route_exists" time="0.430" /><testcase classname="backend.tests.test_v9_features.TestHealthCheck" name="test_health_includes_new_features" time="0.150" /></testsuite></testsuites>