<?xml version="1.0" encoding="utf-8"?><testsuites name="pytest tests"><testsuite name="pytest" errors="0" failures="0" skipped="0" tests="12" time="5.880" timestamp="2026-04-02T18:58:20.075803+00:00" hostname="agent-env-eae7c7c0-102d-4240-a5a4-bff7dc33aef8"><testcase classname="backend.tests.test_v6_yield_curve.TestYieldCurveAPI" name="test_yield_curve_current" time="1.067" /><testcase classname="backend.tests.test_v6_yield_curve.TestYieldCurveAPI" name="test_yield_curve_historical" time="0.403" /><testcase classname="backend.tests.test_v6_yield_curve.TestYieldCurveAPI" name="test_yield_curve_historical_periods" time="1.420" /><testcase classname="backend.tests.test_v6_yield_curve.TestYieldCurveAPI" name="test_yield_curve_heatmap" time="0.110" /><testcase classname="backend.tests.test_v6_yield_curve.TestBondAuctionAPI" name="test_auctions_upcoming" time="0.156" /><testcase classname="backend.tests.test_v6_yield_curve.TestBondAuctionAPI" name="test_auctions_results" time="0.122" /><testcase classname="backend.tests.test_v6_yield_curve.TestBondAuctionAPI" name="test_auctions_calendar" time="0.116" /><testcase classname="backend.tests.test_v6_yield_curve.TestBacktestRealData" name="test_backtest_ai_hybrid_real_data" time="0.725" /><testcase classname="backend.tests.test_v6_yield_curve.TestBacktestRealData" name="test_backtest_mean_reversion" time="0.688" /><testcase classname="backend.tests.test_v6_yield_curve.TestBacktestRealData" name="test_backtest_momentum" time="0.450" /><testcase classname="backend.tests.test_v6_yield_curve.TestBacktestRealData" name="test_backtest_spread_arbitrage" time="0.426" /><testcase classname="backend.tests.test_v6_yield_curve.TestHealthAndFeatures" name="test_health_includes_yield_curve_features" time="0.101" /></testsuite></testsuites>