<?xml version="1.0" encoding="utf-8"?><testsuites name="pytest tests"><testsuite name="pytest" errors="0" failures="0" skipped="0" tests="13" time="6.460" timestamp="2026-04-02T20:07:21.062162+00:00" hostname="agent-env-eae7c7c0-102d-4240-a5a4-bff7dc33aef8"><testcase classname="backend.tests.test_v7_risk_analytics.TestRiskAnalyticsAPI" name="test_risk_analytics_returns_200" time="0.451" /><testcase classname="backend.tests.test_v7_risk_analytics.TestRiskAnalyticsAPI" name="test_risk_analytics_has_var_section" time="0.390" /><testcase classname="backend.tests.test_v7_risk_analytics.TestRiskAnalyticsAPI" name="test_risk_analytics_has_metrics_section" time="0.455" /><testcase classname="backend.tests.test_v7_risk_analytics.TestRiskAnalyticsAPI" name="test_risk_analytics_has_stress_tests" time="0.431" /><testcase classname="backend.tests.test_v7_risk_analytics.TestRiskAnalyticsAPI" name="test_risk_analytics_has_concentration" time="0.380" /><testcase classname="backend.tests.test_v7_risk_analytics.TestRiskAnalyticsAPI" name="test_risk_analytics_has_risk_distribution" time="0.401" /><testcase classname="backend.tests.test_v7_risk_analytics.TestRiskAnalyticsAPI" name="test_risk_analytics_has_return_distribution" time="0.441" /><testcase classname="backend.tests.test_v7_risk_analytics.TestAIBriefAPI" name="test_ai_brief_returns_200" time="1.705" /><testcase classname="backend.tests.test_v7_risk_analytics.TestAIBriefAPI" name="test_ai_brief_has_required_fields" time="0.397" /><testcase classname="backend.tests.test_v7_risk_analytics.TestAIBriefAPI" name="test_ai_brief_has_headline_and_body" time="0.412" /><testcase classname="backend.tests.test_v7_risk_analytics.TestAIBriefAPI" name="test_ai_brief_has_market_snapshot" time="0.398" /><testcase classname="backend.tests.test_v7_risk_analytics.TestAIBriefAPI" name="test_ai_brief_ai_generated_flag" time="0.399" /><testcase classname="backend.tests.test_v7_risk_analytics.TestHealthEndpoint" name="test_health_includes_new_features" time="0.111" /></testsuite></testsuites>