<?xml version="1.0" encoding="utf-8"?><testsuites name="pytest tests"><testsuite name="pytest" errors="0" failures="0" skipped="0" tests="32" time="4.608" timestamp="2026-04-02T08:02:52.720135+00:00" hostname="agent-env-befdfa6d-6321-496e-bc10-8ed59e0aa209"><testcase classname="tests.test_iteration12.TestSystemHealth" name="test_system_status" time="0.165" /><testcase classname="tests.test_iteration12.TestAuth" name="test_login_admin" time="0.325" /><testcase classname="tests.test_iteration12.TestAuth" name="test_login_invalid_credentials" time="0.155" /><testcase classname="tests.test_iteration12.TestAuth" name="test_register_new_user" time="0.327" /><testcase classname="tests.test_iteration12.TestPvPBattle" name="test_pvp_battle_basic" time="0.112" /><testcase classname="tests.test_iteration12.TestPvPBattle" name="test_pvp_battle_with_specific_events" time="0.111" /><testcase classname="tests.test_iteration12.TestPvPBattle" name="test_pvp_battle_missing_config" time="0.103" /><testcase classname="tests.test_iteration12.TestPvPBattle" name="test_pvp_history" time="0.110" /><testcase classname="tests.test_iteration12.TestSocialFeatures" name="test_leaderboard" time="0.099" /><testcase classname="tests.test_iteration12.TestSocialFeatures" name="test_share_strategy" time="0.117" /><testcase classname="tests.test_iteration12.TestSocialFeatures" name="test_follow_unfollow_strategy" time="0.310" /><testcase classname="tests.test_iteration12.TestSocialFeatures" name="test_follow_nonexistent_strategy" time="0.099" /><testcase classname="tests.test_iteration12.TestSocialFeatures" name="test_my_strategies" time="0.095" /><testcase classname="tests.test_iteration12.TestSocialFeatures" name="test_following" time="0.100" /><testcase classname="tests.test_iteration12.TestStrategyOptimizer" name="test_optimizer_default" time="0.497" /><testcase classname="tests.test_iteration12.TestReplayEndpoints" name="test_replay_events_list" time="0.095" /><testcase classname="tests.test_iteration12.TestReplayEndpoints" name="test_replay_simulate" time="0.105" /><testcase classname="tests.test_iteration12.TestReplayEndpoints" name="test_replay_compare" time="0.117" /><testcase classname="tests.test_iteration12.TestOptionsEndpoints" name="test_options_chain" time="0.109" /><testcase classname="tests.test_iteration12.TestOptionsEndpoints" name="test_options_straddle" time="0.099" /><testcase classname="tests.test_iteration12.TestOptionsEndpoints" name="test_options_strangle" time="0.101" /><testcase classname="tests.test_iteration12.TestOptionsEndpoints" name="test_options_iron_condor" time="0.121" /><testcase classname="tests.test_iteration12.TestOptionsEndpoints" name="test_options_butterfly" time="0.107" /><testcase classname="tests.test_iteration12.TestOptionsEndpoints" name="test_options_backtest" time="0.105" /><testcase classname="tests.test_iteration12.TestTradingBot" name="test_bot_status" time="0.099" /><testcase classname="tests.test_iteration12.TestTradingBot" name="test_bot_opportunities" time="0.103" /><testcase classname="tests.test_iteration12.TestExportsAlerts" name="test_csv_export" time="0.103" /><testcase classname="tests.test_iteration12.TestExportsAlerts" name="test_get_alerts" time="0.092" /><testcase classname="tests.test_iteration12.TestExportsAlerts" name="test_create_alert" time="0.104" /><testcase classname="tests.test_iteration12.TestAnalytics" name="test_fragility" time="0.095" /><testcase classname="tests.test_iteration12.TestAnalytics" name="test_risk_control_status" time="0.101" /><testcase classname="tests.test_iteration12.TestPWAManifest" name="test_manifest_accessible" time="0.098" /></testsuite></testsuites>