<?xml version="1.0" encoding="utf-8"?><testsuites name="pytest tests"><testsuite name="pytest" errors="0" failures="0" skipped="0" tests="29" time="3.527" timestamp="2026-04-02T07:21:42.239281+00:00" hostname="agent-env-befdfa6d-6321-496e-bc10-8ed59e0aa209"><testcase classname="backend.tests.test_iteration10.TestSystemHealth" name="test_root_endpoint" time="0.138" /><testcase classname="backend.tests.test_iteration10.TestSystemHealth" name="test_system_status" time="0.113" /><testcase classname="backend.tests.test_iteration10.TestAuthentication" name="test_login_success" time="0.334" /><testcase classname="backend.tests.test_iteration10.TestAuthentication" name="test_login_invalid_credentials" time="0.095" /><testcase classname="backend.tests.test_iteration10.TestMultiEventComparison" name="test_compare_all_events_default_config" time="0.106" /><testcase classname="backend.tests.test_iteration10.TestMultiEventComparison" name="test_compare_with_custom_config" time="0.137" /><testcase classname="backend.tests.test_iteration10.TestMultiEventComparison" name="test_compare_specific_events" time="0.111" /><testcase classname="backend.tests.test_iteration10.TestTradeCSVExport" name="test_csv_export_returns_csv" time="0.113" /><testcase classname="backend.tests.test_iteration10.TestTradeCSVExport" name="test_csv_export_has_headers" time="0.096" /><testcase classname="backend.tests.test_iteration10.TestPriceAlerts" name="test_get_alerts_empty" time="0.100" /><testcase classname="backend.tests.test_iteration10.TestPriceAlerts" name="test_create_alert_above" time="0.100" /><testcase classname="backend.tests.test_iteration10.TestPriceAlerts" name="test_create_alert_below" time="0.105" /><testcase classname="backend.tests.test_iteration10.TestPriceAlerts" name="test_create_alert_invalid_symbol" time="0.094" /><testcase classname="backend.tests.test_iteration10.TestPriceAlerts" name="test_create_alert_missing_price" time="0.095" /><testcase classname="backend.tests.test_iteration10.TestPriceAlerts" name="test_create_alert_invalid_condition" time="0.098" /><testcase classname="backend.tests.test_iteration10.TestPriceAlerts" name="test_delete_alert" time="0.201" /><testcase classname="backend.tests.test_iteration10.TestPriceAlerts" name="test_delete_nonexistent_alert" time="0.105" /><testcase classname="backend.tests.test_iteration10.TestPriceAlerts" name="test_alerts_list_after_create" time="0.205" /><testcase classname="backend.tests.test_iteration10.TestExistingFeatures" name="test_replay_events_list" time="0.095" /><testcase classname="backend.tests.test_iteration10.TestExistingFeatures" name="test_replay_single_event" time="0.098" /><testcase classname="backend.tests.test_iteration10.TestExistingFeatures" name="test_replay_simulate" time="0.104" /><testcase classname="backend.tests.test_iteration10.TestExistingFeatures" name="test_bot_status" time="0.106" /><testcase classname="backend.tests.test_iteration10.TestExistingFeatures" name="test_fragility" time="0.099" /><testcase classname="backend.tests.test_iteration10.TestExistingFeatures" name="test_options_chain" time="0.101" /><testcase classname="backend.tests.test_iteration10.TestExistingFeatures" name="test_notifications" time="0.119" /><testcase classname="backend.tests.test_iteration10.TestExistingFeatures" name="test_positions" time="0.095" /><testcase classname="backend.tests.test_iteration10.TestExistingFeatures" name="test_trades" time="0.096" /><testcase classname="backend.tests.test_iteration10.TestExistingFeatures" name="test_assets" time="0.096" /><testcase classname="backend.tests.test_iteration10.TestPWAManifest" name="test_manifest_exists" time="0.097" /></testsuite></testsuites>