<?xml version="1.0" encoding="utf-8"?><testsuites name="pytest tests"><testsuite name="pytest" errors="0" failures="0" skipped="0" tests="12" time="2.335" timestamp="2026-04-02T13:28:07.328570+00:00" hostname="agent-env-befdfa6d-6321-496e-bc10-8ed59e0aa209"><testcase classname="backend.tests.test_iteration13_templates.TestStrategyTemplatesAPI" name="test_get_templates_returns_list" time="0.161" /><testcase classname="backend.tests.test_iteration13_templates.TestStrategyTemplatesAPI" name="test_templates_have_required_fields" time="0.107" /><testcase classname="backend.tests.test_iteration13_templates.TestStrategyTemplatesAPI" name="test_templates_sorted_by_score" time="0.103" /><testcase classname="backend.tests.test_iteration13_templates.TestStrategyTemplatesAPI" name="test_import_template_success" time="0.230" /><testcase classname="backend.tests.test_iteration13_templates.TestStrategyTemplatesAPI" name="test_import_template_404_nonexistent" time="0.104" /><testcase classname="backend.tests.test_iteration13_templates.TestExistingSocialEndpoints" name="test_leaderboard_still_works" time="0.112" /><testcase classname="backend.tests.test_iteration13_templates.TestExistingSocialEndpoints" name="test_pvp_battle_still_works" time="0.168" /><testcase classname="backend.tests.test_iteration13_templates.TestExistingSocialEndpoints" name="test_follow_strategy_still_works" time="0.280" /><testcase classname="backend.tests.test_iteration13_templates.TestExistingSocialEndpoints" name="test_follow_nonexistent_returns_404" time="0.106" /><testcase classname="backend.tests.test_iteration13_templates.TestAuthStillWorks" name="test_login_with_valid_credentials" time="0.384" /><testcase classname="backend.tests.test_iteration13_templates.TestAuthStillWorks" name="test_login_with_invalid_credentials" time="0.125" /><testcase classname="backend.tests.test_iteration13_templates.TestTemplateImportIntegration" name="test_import_and_verify_config_usable" time="0.327" /></testsuite></testsuites>