<?xml version="1.0" encoding="utf-8"?><testsuites name="pytest tests"><testsuite name="pytest" errors="0" failures="0" skipped="0" tests="17" time="14.907" timestamp="2026-04-02T06:04:56.794015+00:00" hostname="agent-env-befdfa6d-6321-496e-bc10-8ed59e0aa209"><testcase classname="backend.tests.test_trading_bot.TestBotStatus" name="test_bot_status_returns_all_fields" time="0.155" /><testcase classname="backend.tests.test_trading_bot.TestBotToggle" name="test_bot_toggle_without_param" time="0.332" /><testcase classname="backend.tests.test_trading_bot.TestBotToggle" name="test_bot_toggle_explicit_enable" time="0.093" /><testcase classname="backend.tests.test_trading_bot.TestBotToggle" name="test_bot_toggle_explicit_disable" time="0.238" /><testcase classname="backend.tests.test_trading_bot.TestBotConfig" name="test_update_min_confidence" time="0.206" /><testcase classname="backend.tests.test_trading_bot.TestBotConfig" name="test_config_validation_min_confidence_bounds" time="0.406" /><testcase classname="backend.tests.test_trading_bot.TestBotOpportunities" name="test_get_pending_opportunities" time="0.108" /><testcase classname="backend.tests.test_trading_bot.TestBotHistory" name="test_get_bot_history" time="0.100" /><testcase classname="backend.tests.test_trading_bot.TestBotApproveReject" name="test_approve_nonexistent_opportunity" time="0.108" /><testcase classname="backend.tests.test_trading_bot.TestBotApproveReject" name="test_reject_nonexistent_opportunity" time="0.112" /><testcase classname="backend.tests.test_trading_bot.TestBotScannerLoop" name="test_last_scan_timestamp_updates" time="12.351" /><testcase classname="backend.tests.test_trading_bot.TestExistingEndpoints" name="test_fragility_endpoint" time="0.101" /><testcase classname="backend.tests.test_trading_bot.TestExistingEndpoints" name="test_signal_score_cl" time="0.107" /><testcase classname="backend.tests.test_trading_bot.TestExistingEndpoints" name="test_execution_gate_cl" time="0.100" /><testcase classname="backend.tests.test_trading_bot.TestExistingEndpoints" name="test_risk_control_status" time="0.092" /><testcase classname="backend.tests.test_trading_bot.TestExistingEndpoints" name="test_events_calendar" time="0.104" /><testcase classname="backend.tests.test_trading_bot.TestExistingEndpoints" name="test_system_status" time="0.095" /></testsuite></testsuites>