<?xml version="1.0" encoding="utf-8"?><testsuites name="pytest tests"><testsuite name="pytest" errors="0" failures="0" skipped="0" tests="20" time="3.482" timestamp="2026-04-02T07:43:36.457267+00:00" hostname="agent-env-befdfa6d-6321-496e-bc10-8ed59e0aa209"><testcase classname="backend.tests.test_iteration11.TestStrategyOptimizer" name="test_optimize_default_params" time="0.557" /><testcase classname="backend.tests.test_iteration11.TestStrategyOptimizer" name="test_optimize_custom_ranges" time="0.137" /><testcase classname="backend.tests.test_iteration11.TestStrategyOptimizer" name="test_optimize_specific_events" time="0.113" /><testcase classname="backend.tests.test_iteration11.TestSocialCopyTrading" name="test_share_strategy" time="0.133" /><testcase classname="backend.tests.test_iteration11.TestSocialCopyTrading" name="test_get_leaderboard" time="0.119" /><testcase classname="backend.tests.test_iteration11.TestSocialCopyTrading" name="test_follow_strategy" time="0.306" /><testcase classname="backend.tests.test_iteration11.TestSocialCopyTrading" name="test_follow_nonexistent_strategy" time="0.133" /><testcase classname="backend.tests.test_iteration11.TestSocialCopyTrading" name="test_get_following" time="0.108" /><testcase classname="backend.tests.test_iteration11.TestSocialCopyTrading" name="test_get_my_strategies" time="0.131" /><testcase classname="backend.tests.test_iteration11.TestExistingFeaturesRegression" name="test_system_status" time="0.097" /><testcase classname="backend.tests.test_iteration11.TestExistingFeaturesRegression" name="test_auth_login" time="0.334" /><testcase classname="backend.tests.test_iteration11.TestExistingFeaturesRegression" name="test_replay_simulate" time="0.112" /><testcase classname="backend.tests.test_iteration11.TestExistingFeaturesRegression" name="test_replay_compare" time="0.102" /><testcase classname="backend.tests.test_iteration11.TestExistingFeaturesRegression" name="test_bot_status" time="0.097" /><testcase classname="backend.tests.test_iteration11.TestExistingFeaturesRegression" name="test_fragility" time="0.098" /><testcase classname="backend.tests.test_iteration11.TestExistingFeaturesRegression" name="test_options_chain" time="0.107" /><testcase classname="backend.tests.test_iteration11.TestExistingFeaturesRegression" name="test_alerts_list" time="0.097" /><testcase classname="backend.tests.test_iteration11.TestExistingFeaturesRegression" name="test_trades_export_csv" time="0.093" /><testcase classname="backend.tests.test_iteration11.TestIntegrationFlow" name="test_optimizer_to_share_flow" time="0.299" /><testcase classname="backend.tests.test_iteration11.TestIntegrationFlow" name="test_follow_and_apply_config" time="0.207" /></testsuite></testsuites>