<?xml version="1.0" encoding="utf-8"?><testsuites name="pytest tests"><testsuite name="pytest" errors="0" failures="0" skipped="0" tests="22" time="4.344" timestamp="2026-04-02T04:53:15.675066+00:00" hostname="agent-env-befdfa6d-6321-496e-bc10-8ed59e0aa209"><testcase classname="backend.tests.test_new_features.TestCalendarSpread" name="test_create_calendar_spread_call" time="0.148" /><testcase classname="backend.tests.test_new_features.TestCalendarSpread" name="test_create_calendar_spread_put" time="0.107" /><testcase classname="backend.tests.test_new_features.TestCalendarSpread" name="test_calendar_spread_invalid_symbol" time="0.107" /><testcase classname="backend.tests.test_new_features.TestRatioSpread" name="test_create_ratio_spread_call" time="0.116" /><testcase classname="backend.tests.test_new_features.TestRatioSpread" name="test_create_ratio_spread_put" time="0.110" /><testcase classname="backend.tests.test_new_features.TestRatioSpread" name="test_ratio_spread_custom_ratio" time="0.118" /><testcase classname="backend.tests.test_new_features.TestAutoStrategySelector" name="test_get_auto_strategy_recommendation" time="1.410" /><testcase classname="backend.tests.test_new_features.TestAutoStrategySelector" name="test_auto_strategy_different_symbols" time="0.292" /><testcase classname="backend.tests.test_new_features.TestAutoStrategySelector" name="test_auto_strategy_invalid_symbol" time="0.110" /><testcase classname="backend.tests.test_new_features.TestNotifications" name="test_get_notifications" time="0.110" /><testcase classname="backend.tests.test_new_features.TestNotifications" name="test_send_test_notification" time="0.098" /><testcase classname="backend.tests.test_new_features.TestNotifications" name="test_mark_all_notifications_read" time="0.237" /><testcase classname="backend.tests.test_new_features.TestNotifications" name="test_mark_single_notification_read" time="0.205" /><testcase classname="backend.tests.test_new_features.TestNotifications" name="test_get_notifications_unread_only" time="0.097" /><testcase classname="backend.tests.test_new_features.TestTradovateIntegration" name="test_get_tradovate_status" time="0.140" /><testcase classname="backend.tests.test_new_features.TestOptionsBacktestNewStrategies" name="test_backtest_calendar_spread" time="0.103" /><testcase classname="backend.tests.test_new_features.TestOptionsBacktestNewStrategies" name="test_backtest_ratio_spread" time="0.112" /><testcase classname="backend.tests.test_new_features.TestExistingEndpointsStillWork" name="test_system_status" time="0.103" /><testcase classname="backend.tests.test_new_features.TestExistingEndpointsStillWork" name="test_option_chain" time="0.112" /><testcase classname="backend.tests.test_new_features.TestExistingEndpointsStillWork" name="test_straddle_strategy" time="0.135" /><testcase classname="backend.tests.test_new_features.TestExistingEndpointsStillWork" name="test_iron_condor_strategy" time="0.112" /><testcase classname="backend.tests.test_new_features.TestExistingEndpointsStillWork" name="test_volatility_analysis" time="0.167" /></testsuite></testsuites>