<?xml version="1.0" encoding="utf-8"?><testsuites name="pytest tests"><testsuite name="pytest" errors="0" failures="0" skipped="0" tests="30" time="3.592" timestamp="2026-04-02T07:01:38.158584+00:00" hostname="agent-env-befdfa6d-6321-496e-bc10-8ed59e0aa209"><testcase classname="tests.test_iteration9.TestRootAndSystem" name="test_root_endpoint_version" time="0.125" /><testcase classname="tests.test_iteration9.TestRootAndSystem" name="test_system_status" time="0.111" /><testcase classname="tests.test_iteration9.TestAuthRouter" name="test_login_with_admin_credentials" time="0.335" /><testcase classname="tests.test_iteration9.TestAuthRouter" name="test_login_invalid_credentials" time="0.103" /><testcase classname="tests.test_iteration9.TestBotRouter" name="test_bot_status" time="0.099" /><testcase classname="tests.test_iteration9.TestBotRouter" name="test_bot_opportunities" time="0.094" /><testcase classname="tests.test_iteration9.TestBotRouter" name="test_bot_history" time="0.098" /><testcase classname="tests.test_iteration9.TestAnalyticsRouter" name="test_fragility_endpoint" time="0.098" /><testcase classname="tests.test_iteration9.TestAnalyticsRouter" name="test_signal_score_endpoint" time="0.097" /><testcase classname="tests.test_iteration9.TestAnalyticsRouter" name="test_risk_control_status" time="0.104" /><testcase classname="tests.test_iteration9.TestAnalyticsRouter" name="test_execution_gate_endpoint" time="0.097" /><testcase classname="tests.test_iteration9.TestAnalyticsRouter" name="test_events_calendar" time="0.136" /><testcase classname="tests.test_iteration9.TestOptionsRouter" name="test_options_chain" time="0.111" /><testcase classname="tests.test_iteration9.TestOptionsRouter" name="test_options_payoff_straddle" time="0.098" /><testcase classname="tests.test_iteration9.TestReplayRouter" name="test_get_replay_events" time="0.103" /><testcase classname="tests.test_iteration9.TestReplayRouter" name="test_replay_single_event" time="0.098" /><testcase classname="tests.test_iteration9.TestReplayRouter" name="test_replay_invalid_event" time="0.107" /><testcase classname="tests.test_iteration9.TestReplayRouter" name="test_simulate_strategy_basic" time="0.104" /><testcase classname="tests.test_iteration9.TestReplayRouter" name="test_simulate_strategy_with_custom_config" time="0.180" /><testcase classname="tests.test_iteration9.TestReplayRouter" name="test_simulate_strategy_covid_crash" time="0.119" /><testcase classname="tests.test_iteration9.TestReplayRouter" name="test_simulate_strategy_invalid_event" time="0.103" /><testcase classname="tests.test_iteration9.TestReplayRouter" name="test_simulate_strategy_missing_event_id" time="0.104" /><testcase classname="tests.test_iteration9.TestReplayRouter" name="test_simulate_trade_structure" time="0.100" /><testcase classname="tests.test_iteration9.TestNotifications" name="test_get_notifications" time="0.116" /><testcase classname="tests.test_iteration9.TestAdditionalEndpoints" name="test_positions_endpoint" time="0.098" /><testcase classname="tests.test_iteration9.TestAdditionalEndpoints" name="test_trades_endpoint" time="0.099" /><testcase classname="tests.test_iteration9.TestAdditionalEndpoints" name="test_market_current" time="0.092" /><testcase classname="tests.test_iteration9.TestAdditionalEndpoints" name="test_assets_endpoint" time="0.116" /><testcase classname="tests.test_iteration9.TestAdditionalEndpoints" name="test_regime_current" time="0.108" /><testcase classname="tests.test_iteration9.TestAdditionalEndpoints" name="test_pnl_realtime" time="0.103" /></testsuite></testsuites>