<?xml version="1.0" encoding="utf-8"?><testsuites name="pytest tests"><testsuite name="pytest" errors="0" failures="0" skipped="0" tests="16" time="2.708" timestamp="2026-04-02T05:52:29.746784+00:00" hostname="agent-env-befdfa6d-6321-496e-bc10-8ed59e0aa209"><testcase classname="backend.tests.test_iteration6_features.TestFragilityEngine" name="test_fragility_endpoint_returns_required_fields" time="0.119" /><testcase classname="backend.tests.test_iteration6_features.TestEventEngine" name="test_event_calendar_returns_events_and_state" time="0.116" /><testcase classname="backend.tests.test_iteration6_features.TestEventEngine" name="test_event_state_endpoint" time="0.099" /><testcase classname="backend.tests.test_iteration6_features.TestEventEngine" name="test_event_trigger_activates_cooldown" time="0.198" /><testcase classname="backend.tests.test_iteration6_features.TestRiskControlCenter" name="test_risk_control_status_returns_full_status" time="0.097" /><testcase classname="backend.tests.test_iteration6_features.TestRiskControlCenter" name="test_risk_rules_evaluation" time="0.091" /><testcase classname="backend.tests.test_iteration6_features.TestRiskControlCenter" name="test_exit_tiers_returns_4_tiers" time="0.108" /><testcase classname="backend.tests.test_iteration6_features.TestRiskControlCenter" name="test_daily_pnl_history" time="0.101" /><testcase classname="backend.tests.test_iteration6_features.TestRiskControlCenter" name="test_slippage_stats" time="0.103" /><testcase classname="backend.tests.test_iteration6_features.TestExecutionGate" name="test_execution_gate_returns_8_checks" time="0.949" /><testcase classname="backend.tests.test_iteration6_features.TestSignalScorer" name="test_signal_score_cl" time="0.141" /><testcase classname="backend.tests.test_iteration6_features.TestSignalScorer" name="test_signal_score_bz" time="0.110" /><testcase classname="backend.tests.test_iteration6_features.TestSignalScorer" name="test_signal_score_ng" time="0.102" /><testcase classname="backend.tests.test_iteration6_features.TestExistingEndpoints" name="test_system_status" time="0.105" /><testcase classname="backend.tests.test_iteration6_features.TestExistingEndpoints" name="test_options_chain" time="0.100" /><testcase classname="backend.tests.test_iteration6_features.TestExistingEndpoints" name="test_notifications" time="0.102" /></testsuite></testsuites>