<?xml version="1.0" encoding="utf-8"?><testsuites name="pytest tests"><testsuite name="pytest" errors="0" failures="0" skipped="0" tests="12" time="3.816" timestamp="2026-04-07T07:15:47.157035+00:00" hostname="agent-env-befdfa6d-6321-496e-bc10-8ed59e0aa209"><testcase classname="backend.tests.test_iteration14_auth.TestAuthEndpoints" name="test_login_valid_admin_credentials" time="0.414" /><testcase classname="backend.tests.test_iteration14_auth.TestAuthEndpoints" name="test_login_valid_test_user_credentials" time="0.355" /><testcase classname="backend.tests.test_iteration14_auth.TestAuthEndpoints" name="test_login_invalid_credentials_returns_401" time="0.102" /><testcase classname="backend.tests.test_iteration14_auth.TestAuthEndpoints" name="test_login_wrong_password_returns_401" time="0.325" /><testcase classname="backend.tests.test_iteration14_auth.TestAuthEndpoints" name="test_get_me_without_auth_returns_401" time="0.121" /><testcase classname="backend.tests.test_iteration14_auth.TestAuthEndpoints" name="test_get_me_with_auth_returns_user" time="0.367" /><testcase classname="backend.tests.test_iteration14_auth.TestAuthEndpoints" name="test_logout_clears_session" time="0.409" /><testcase classname="backend.tests.test_iteration14_auth.TestRegisterEndpoint" name="test_register_new_user" time="0.371" /><testcase classname="backend.tests.test_iteration14_auth.TestRegisterEndpoint" name="test_register_duplicate_email_returns_400" time="0.098" /><testcase classname="backend.tests.test_iteration14_auth.TestAuthPersistence" name="test_session_persists_across_requests" time="0.451" /><testcase classname="backend.tests.test_iteration14_auth.TestAuthPersistence" name="test_protected_endpoints_require_auth" time="0.109" /><testcase classname="backend.tests.test_iteration14_auth.TestDashboardAccessAfterLogin" name="test_dashboard_apis_accessible_after_login" time="0.572" /></testsuite></testsuites>