<?xml version="1.0" encoding="utf-8"?><testsuites name="pytest tests"><testsuite name="pytest" errors="0" failures="0" skipped="0" tests="18" time="7.999" timestamp="2026-04-02T20:27:18.423734+00:00" hostname="agent-env-eae7c7c0-102d-4240-a5a4-bff7dc33aef8"><testcase classname="backend.tests.test_v8_risk_alerts.TestRiskAlertEndpoints" name="test_get_risk_alert_config_returns_200" time="0.520" /><testcase classname="backend.tests.test_v8_risk_alerts.TestRiskAlertEndpoints" name="test_get_risk_alert_config_has_required_fields" time="0.415" /><testcase classname="backend.tests.test_v8_risk_alerts.TestRiskAlertEndpoints" name="test_get_risk_alert_config_default_values" time="0.392" /><testcase classname="backend.tests.test_v8_risk_alerts.TestRiskAlertEndpoints" name="test_save_risk_alert_config_returns_200" time="0.437" /><testcase classname="backend.tests.test_v8_risk_alerts.TestRiskAlertEndpoints" name="test_save_config_persists_on_get" time="0.434" /><testcase classname="backend.tests.test_v8_risk_alerts.TestRiskAlertEndpoints" name="test_check_risk_alerts_returns_200" time="0.399" /><testcase classname="backend.tests.test_v8_risk_alerts.TestRiskAlertEndpoints" name="test_check_risk_alerts_response_structure" time="0.459" /><testcase classname="backend.tests.test_v8_risk_alerts.TestRiskAlertEndpoints" name="test_check_risk_alerts_risk_snapshot_fields" time="0.397" /><testcase classname="backend.tests.test_v8_risk_alerts.TestRiskAlertEndpoints" name="test_check_risk_alerts_with_low_thresholds" time="0.439" /><testcase classname="backend.tests.test_v8_risk_alerts.TestRiskAlertEndpoints" name="test_get_risk_alert_history_returns_200" time="0.395" /><testcase classname="backend.tests.test_v8_risk_alerts.TestRiskAlertEndpoints" name="test_get_risk_alert_history_returns_list" time="0.393" /><testcase classname="backend.tests.test_v8_risk_alerts.TestRiskAlertEndpoints" name="test_get_risk_alert_history_item_structure" time="0.389" /><testcase classname="backend.tests.test_v8_risk_alerts.TestRiskAlertEndpoints" name="test_get_risk_alert_history_with_limit" time="0.398" /><testcase classname="backend.tests.test_v8_risk_alerts.TestRiskAlertEndpoints" name="test_risk_alerts_config_requires_auth" time="0.515" /><testcase classname="backend.tests.test_v8_risk_alerts.TestRiskAlertEndpoints" name="test_risk_alerts_check_requires_auth" time="0.455" /><testcase classname="backend.tests.test_v8_risk_alerts.TestRiskAlertEndpoints" name="test_risk_alerts_history_requires_auth" time="0.471" /><testcase classname="backend.tests.test_v8_risk_alerts.TestRiskAlertCooldown" name="test_cooldown_prevents_duplicate_alerts" time="0.510" /><testcase classname="backend.tests.test_v8_risk_alerts.TestRiskAlertDisabled" name="test_disabled_alerts_returns_message" time="0.483" /></testsuite></testsuites>