<?xml version="1.0" encoding="utf-8"?><testsuites name="pytest tests"><testsuite name="pytest" errors="0" failures="0" skipped="0" tests="15" time="6.123" timestamp="2026-04-02T16:57:07.627566+00:00" hostname="agent-env-eae7c7c0-102d-4240-a5a4-bff7dc33aef8"><testcase classname="backend.tests.test_v5_features.TestHealthAndBasicEndpoints" name="test_health_endpoint" time="0.141" /><testcase classname="backend.tests.test_v5_features.TestHealthAndBasicEndpoints" name="test_root_endpoint" time="0.154" /><testcase classname="backend.tests.test_v5_features.TestAuthFlow" name="test_login_success" time="0.320" /><testcase classname="backend.tests.test_v5_features.TestAuthFlow" name="test_login_invalid_credentials" time="0.356" /><testcase classname="backend.tests.test_v5_features.TestBondAnalytics" name="test_bond_analytics_endpoint" time="0.940" /><testcase classname="backend.tests.test_v5_features.TestExistingAPIsAfterRefactoring" name="test_market_current" time="0.574" /><testcase classname="backend.tests.test_v5_features.TestExistingAPIsAfterRefactoring" name="test_strategy_config" time="0.382" /><testcase classname="backend.tests.test_v5_features.TestExistingAPIsAfterRefactoring" name="test_paper_trading_portfolio" time="0.430" /><testcase classname="backend.tests.test_v5_features.TestExistingAPIsAfterRefactoring" name="test_backtest_run" time="0.383" /><testcase classname="backend.tests.test_v5_features.TestExistingAPIsAfterRefactoring" name="test_social_leaderboard" time="0.383" /><testcase classname="backend.tests.test_v5_features.TestExistingAPIsAfterRefactoring" name="test_marketplace_strategies" time="0.398" /><testcase classname="backend.tests.test_v5_features.TestAutoExecuteFeature" name="test_auto_execute_logs" time="0.386" /><testcase classname="backend.tests.test_v5_features.TestAutoExecuteFeature" name="test_marketplace_subscriptions" time="0.392" /><testcase classname="backend.tests.test_v5_features.Test2FAEndpoints" name="test_2fa_status" time="0.412" /><testcase classname="backend.tests.test_v5_features.TestSystemEndpoints" name="test_system_state" time="0.392" /></testsuite></testsuites>