<?xml version="1.0" encoding="utf-8"?><testsuites name="pytest tests"><testsuite name="pytest" errors="0" failures="1" skipped="0" tests="14" time="6.116" timestamp="2026-04-02T16:21:18.658108+00:00" hostname="agent-env-eae7c7c0-102d-4240-a5a4-bff7dc33aef8"><testcase classname="backend.tests.test_v4_features.TestAuthentication" name="test_admin_login" time="0.470" /><testcase classname="backend.tests.test_v4_features.Test2FAEndpoints" name="test_2fa_status" time="0.455" /><testcase classname="backend.tests.test_v4_features.Test2FAEndpoints" name="test_2fa_setup" time="0.473" /><testcase classname="backend.tests.test_v4_features.TestSocialEndpoints" name="test_leaderboard" time="0.445" /><testcase classname="backend.tests.test_v4_features.TestSocialEndpoints" name="test_global_feed" time="0.510" /><testcase classname="backend.tests.test_v4_features.TestSocialEndpoints" name="test_my_feed" time="0.624" /><testcase classname="backend.tests.test_v4_features.TestSocialEndpoints" name="test_followers" time="0.512" /><testcase classname="backend.tests.test_v4_features.TestSocialEndpoints" name="test_following" time="0.456" /><testcase classname="backend.tests.test_v4_features.TestSocialEndpoints" name="test_my_profile" time="0.465" /><testcase classname="backend.tests.test_v4_features.TestNotificationEndpoints" name="test_notification_status" time="0.444" /><testcase classname="backend.tests.test_v4_features.TestNotificationEndpoints" name="test_notification_subscribe" time="0.472" /><testcase classname="backend.tests.test_v4_features.TestNotificationEndpoints" name="test_notification_unsubscribe" time="0.451" /><testcase classname="backend.tests.test_v4_features.TestHealthAndVersion" name="test_health" time="0.110" /><testcase classname="backend.tests.test_v4_features.TestHealthAndVersion" name="test_version" time="0.109"><failure message="assert 404 == 200&#10; +  where 404 = &lt;Response [404]&gt;.status_code">backend/tests/test_v4_features.py:209: in test_version
    assert response.status_code == 200
E   assert 404 == 200
E    +  where 404 = &lt;Response [404]&gt;.status_code</failure></testcase></testsuite></testsuites>