<?xml version="1.0" encoding="utf-8"?><testsuites name="pytest tests"><testsuite name="pytest" errors="0" failures="0" skipped="0" tests="17" time="3.147" timestamp="2026-03-31T16:48:44.934050+00:00" hostname="agent-env-3c66efd9-873b-4434-b399-1fc8d938c6ea"><testcase classname="tests.test_iteration3_full.TestHealthAndCoreAPIs" name="test_health_endpoint" time="0.137" /><testcase classname="tests.test_iteration3_full.TestHealthAndCoreAPIs" name="test_prices_aud_usd" time="0.108" /><testcase classname="tests.test_iteration3_full.TestHealthAndCoreAPIs" name="test_prices_nzd_usd" time="0.127" /><testcase classname="tests.test_iteration3_full.TestHealthAndCoreAPIs" name="test_signals_current" time="0.101" /><testcase classname="tests.test_iteration3_full.TestHealthAndCoreAPIs" name="test_events_list" time="0.109" /><testcase classname="tests.test_iteration3_full.TestHealthAndCoreAPIs" name="test_risk_status" time="0.118" /><testcase classname="tests.test_iteration3_full.TestTelegramRealDelivery" name="test_telegram_status_configured" time="0.096" /><testcase classname="tests.test_iteration3_full.TestTelegramRealDelivery" name="test_telegram_test_real_delivery" time="0.646" /><testcase classname="tests.test_iteration3_full.TestTelegramRealDelivery" name="test_telegram_send_signal_alert" time="0.378" /><testcase classname="tests.test_iteration3_full.TestTelegramConfigPersistence" name="test_telegram_config_save_and_retrieve" time="0.193" /><testcase classname="tests.test_iteration3_full.TestTelegramHistory" name="test_telegram_history_returns_alerts" time="0.100" /><testcase classname="tests.test_iteration3_full.TestMongoDBSettingsPersistence" name="test_kill_switch_persistence" time="0.375" /><testcase classname="tests.test_iteration3_full.TestBacktestData" name="test_backtest_stats_returns_50_trades" time="0.124" /><testcase classname="tests.test_iteration3_full.TestBacktestData" name="test_backtest_results_list" time="0.126" /><testcase classname="tests.test_iteration3_full.TestBacktestData" name="test_backtest_chart_data" time="0.111" /><testcase classname="tests.test_iteration3_full.TestRiskControlAPIs" name="test_risk_capital_protection" time="0.100" /><testcase classname="tests.test_iteration3_full.TestRiskControlAPIs" name="test_risk_config" time="0.104" /></testsuite></testsuites>