<?xml version="1.0" encoding="utf-8"?><testsuites name="pytest tests"><testsuite name="pytest" errors="0" failures="0" skipped="0" tests="20" time="3.657" timestamp="2026-03-31T16:04:29.894387+00:00" hostname="agent-env-3c66efd9-873b-4434-b399-1fc8d938c6ea"><testcase classname="backend.tests.test_telegram_api.TestTelegramStatus" name="test_telegram_status_returns_200" time="0.169" /><testcase classname="backend.tests.test_telegram_api.TestTelegramStatus" name="test_telegram_status_response_structure" time="0.117" /><testcase classname="backend.tests.test_telegram_api.TestTelegramConfig" name="test_telegram_config_save_returns_200" time="0.130" /><testcase classname="backend.tests.test_telegram_api.TestTelegramConfig" name="test_telegram_config_response_structure" time="0.169" /><testcase classname="backend.tests.test_telegram_api.TestTelegramConfig" name="test_telegram_config_partial_update" time="0.132" /><testcase classname="backend.tests.test_telegram_api.TestTelegramConfig" name="test_telegram_config_verify_persistence" time="0.235" /><testcase classname="backend.tests.test_telegram_api.TestTelegramTestMessage" name="test_telegram_test_message_returns_200" time="0.541" /><testcase classname="backend.tests.test_telegram_api.TestTelegramTestMessage" name="test_telegram_test_message_response_structure" time="0.257" /><testcase classname="backend.tests.test_telegram_api.TestTelegramTestMessage" name="test_telegram_test_message_default_message" time="0.210" /><testcase classname="backend.tests.test_telegram_api.TestTelegramHistory" name="test_telegram_history_returns_200" time="0.128" /><testcase classname="backend.tests.test_telegram_api.TestTelegramHistory" name="test_telegram_history_response_structure" time="0.162" /><testcase classname="backend.tests.test_telegram_api.TestTelegramHistory" name="test_telegram_history_with_limit" time="0.115" /><testcase classname="backend.tests.test_telegram_api.TestTelegramHistory" name="test_telegram_history_alert_structure" time="0.374" /><testcase classname="backend.tests.test_telegram_api.TestDashboardAndCoreAPIs" name="test_health_endpoint" time="0.104" /><testcase classname="backend.tests.test_telegram_api.TestDashboardAndCoreAPIs" name="test_prices_aud_usd" time="0.119" /><testcase classname="backend.tests.test_telegram_api.TestDashboardAndCoreAPIs" name="test_prices_nzd_usd" time="0.110" /><testcase classname="backend.tests.test_telegram_api.TestDashboardAndCoreAPIs" name="test_signals_current" time="0.115" /><testcase classname="backend.tests.test_telegram_api.TestDashboardAndCoreAPIs" name="test_events_state" time="0.108" /><testcase classname="backend.tests.test_telegram_api.TestDashboardAndCoreAPIs" name="test_settings_endpoint" time="0.119" /><testcase classname="backend.tests.test_telegram_api.TestDashboardAndCoreAPIs" name="test_risk_status" time="0.112" /></testsuite></testsuites>