<?xml version="1.0" encoding="utf-8"?><testsuites name="pytest tests"><testsuite name="pytest" errors="0" failures="0" skipped="0" tests="11" time="2.764" timestamp="2026-04-07T13:29:03.253410+00:00" hostname="agent-env-3c66efd9-873b-4434-b399-1fc8d938c6ea"><testcase classname="backend.tests.test_auth.TestAuthLogin" name="test_login_success_with_correct_credentials" time="0.408" /><testcase classname="backend.tests.test_auth.TestAuthLogin" name="test_login_failure_with_wrong_password" time="0.323" /><testcase classname="backend.tests.test_auth.TestAuthLogin" name="test_login_failure_with_nonexistent_email" time="0.124" /><testcase classname="backend.tests.test_auth.TestAuthLogin" name="test_login_case_insensitive_email" time="0.342" /><testcase classname="backend.tests.test_auth.TestAuthMe" name="test_me_with_valid_token" time="0.482" /><testcase classname="backend.tests.test_auth.TestAuthMe" name="test_me_without_token_returns_401" time="0.135" /><testcase classname="backend.tests.test_auth.TestAuthMe" name="test_me_with_invalid_token_returns_401" time="0.110" /><testcase classname="backend.tests.test_auth.TestAuthLogout" name="test_logout_clears_cookies" time="0.420" /><testcase classname="backend.tests.test_auth.TestExistingAPIsStillWork" name="test_health_endpoint" time="0.095" /><testcase classname="backend.tests.test_auth.TestExistingAPIsStillWork" name="test_prices_endpoint" time="0.142" /><testcase classname="backend.tests.test_auth.TestExistingAPIsStillWork" name="test_event_response_status" time="0.108" /></testsuite></testsuites>