<?xml version="1.0" encoding="utf-8"?><testsuites name="pytest tests"><testsuite name="pytest" errors="0" failures="1" skipped="0" tests="22" time="11.068" timestamp="2026-04-01T17:18:32.770424+00:00" hostname="agent-env-3c66efd9-873b-4434-b399-1fc8d938c6ea"><testcase classname="backend.tests.test_iteration4_engines.TestHealthAndCore" name="test_health_endpoint" time="0.251" /><testcase classname="backend.tests.test_iteration4_engines.TestHealthAndCore" name="test_prices_aud_usd" time="0.111" /><testcase classname="backend.tests.test_iteration4_engines.TestHealthAndCore" name="test_prices_nzd_usd" time="0.111" /><testcase classname="backend.tests.test_iteration4_engines.TestHealthAndCore" name="test_signals_current" time="0.133" /><testcase classname="backend.tests.test_iteration4_engines.TestHealthAndCore" name="test_events_endpoint" time="0.122"><failure message="AssertionError: assert False&#10; +  where False = isinstance({'count': 8, 'events': [{'actual': '', 'country': 'AU', 'datetime': '2026-04-01T23:18:27.594286+00:00', 'forecast': '1.2%', ...}, {'actual': '', 'country': 'AU', 'datetime': '2026-04-02T05:18:27.594286+00:00', 'forecast': '0.9%', ...}, {'actual': '', 'country': 'NZ', 'datetime': '2026-04-02T11:18:27.594286+00:00', 'forecast': '0.9%', ...}, {'actual': '', 'country': 'NZ', 'datetime': '2026-04-02T17:18:27.594286+00:00', 'forecast': '0.5%', ...}, {'actual': '', 'country': 'CN', 'datetime': '2026-04-02T23:18:27.594286+00:00', 'forecast': '2.3%', ...}, {'actual': '', 'country': 'US', 'datetime': '2026-04-03T05:18:27.594286+00:00', 'forecast': '0.5%', ...}, ...]}, list)">backend/tests/test_iteration4_engines.py:53: in test_events_endpoint
    assert isinstance(data, list)
E   AssertionError: assert False
E    +  where False = isinstance({'count': 8, 'events': [{'actual': '', 'country': 'AU', 'datetime': '2026-04-01T23:18:27.594286+00:00', 'forecast': '1.2%', ...}, {'actual': '', 'country': 'AU', 'datetime': '2026-04-02T05:18:27.594286+00:00', 'forecast': '0.9%', ...}, {'actual': '', 'country': 'NZ', 'datetime': '2026-04-02T11:18:27.594286+00:00', 'forecast': '0.9%', ...}, {'actual': '', 'country': 'NZ', 'datetime': '2026-04-02T17:18:27.594286+00:00', 'forecast': '0.5%', ...}, {'actual': '', 'country': 'CN', 'datetime': '2026-04-02T23:18:27.594286+00:00', 'forecast': '2.3%', ...}, {'actual': '', 'country': 'US', 'datetime': '2026-04-03T05:18:27.594286+00:00', 'forecast': '0.5%', ...}, ...]}, list)</failure></testcase><testcase classname="backend.tests.test_iteration4_engines.TestHealthAndCore" name="test_risk_status" time="0.118" /><testcase classname="backend.tests.test_iteration4_engines.TestEventResponseEngine" name="test_event_response_status" time="0.301" /><testcase classname="backend.tests.test_iteration4_engines.TestEventResponseEngine" name="test_event_response_reset" time="0.115" /><testcase classname="backend.tests.test_iteration4_engines.TestEventResponseEngine" name="test_event_response_trigger" time="0.834" /><testcase classname="backend.tests.test_iteration4_engines.TestEventResponseEngine" name="test_pair_config_max_wait_seconds" time="0.186" /><testcase classname="backend.tests.test_iteration4_engines.TestExecutionGate" name="test_execution_gate_status" time="0.154" /><testcase classname="backend.tests.test_iteration4_engines.TestExecutionGate" name="test_execution_gate_evaluate_aud_usd" time="0.713" /><testcase classname="backend.tests.test_iteration4_engines.TestExecutionGate" name="test_execution_gate_evaluate_nzd_usd" time="0.279" /><testcase classname="backend.tests.test_iteration4_engines.TestExecutionGate" name="test_pair_risk_config_values" time="0.110" /><testcase classname="backend.tests.test_iteration4_engines.TestExecutionGate" name="test_gate_blocks_during_event" time="1.463" /><testcase classname="backend.tests.test_iteration4_engines.TestStrategyMonitor" name="test_strategy_monitor_health" time="0.541" /><testcase classname="backend.tests.test_iteration4_engines.TestStrategyMonitor" name="test_record_trade_updates_losses" time="0.559" /><testcase classname="backend.tests.test_iteration4_engines.TestStrategyMonitor" name="test_loss_streak_freezes_pair" time="1.909" /><testcase classname="backend.tests.test_iteration4_engines.TestStrategyMonitor" name="test_unfreeze_pair" time="2.040" /><testcase classname="backend.tests.test_iteration4_engines.TestFeaturesAPI" name="test_features_aud_usd" time="0.142" /><testcase classname="backend.tests.test_iteration4_engines.TestFeaturesAPI" name="test_features_nzd_usd" time="0.118" /><testcase classname="backend.tests.test_iteration4_engines.TestCleanup" name="test_final_reset" time="0.482" /></testsuite></testsuites>