<?xml version="1.0" encoding="utf-8"?><testsuites name="pytest tests"><testsuite name="pytest" errors="0" failures="0" skipped="0" tests="19" time="4.550" timestamp="2026-04-02T06:19:03.716301+00:00" hostname="agent-env-befdfa6d-6321-496e-bc10-8ed59e0aa209"><testcase classname="backend.tests.test_iteration8.TestReplayEvents" name="test_get_replay_events_list" time="0.138" /><testcase classname="backend.tests.test_iteration8.TestReplayEvents" name="test_replay_hormuz_2024" time="0.119" /><testcase classname="backend.tests.test_iteration8.TestReplayEvents" name="test_replay_covid_crash_2020" time="0.112" /><testcase classname="backend.tests.test_iteration8.TestReplayEvents" name="test_replay_russia_ukraine_2022" time="0.108" /><testcase classname="backend.tests.test_iteration8.TestReplayEvents" name="test_replay_invalid_event" time="0.104" /><testcase classname="backend.tests.test_iteration8.TestOptionsPayoff" name="test_payoff_straddle" time="0.102" /><testcase classname="backend.tests.test_iteration8.TestOptionsPayoff" name="test_payoff_iron_condor" time="0.113" /><testcase classname="backend.tests.test_iteration8.TestOptionsPayoff" name="test_payoff_butterfly" time="0.111" /><testcase classname="backend.tests.test_iteration8.TestOptionsPayoff" name="test_payoff_calendar_spread" time="0.105" /><testcase classname="backend.tests.test_iteration8.TestOptionsPayoff" name="test_payoff_ratio_spread" time="0.120" /><testcase classname="backend.tests.test_iteration8.TestOptionsPayoff" name="test_payoff_strangle" time="0.115" /><testcase classname="backend.tests.test_iteration8.TestOptionsPayoff" name="test_payoff_invalid_strategy" time="0.106" /><testcase classname="backend.tests.test_iteration8.TestBotAndExistingEndpoints" name="test_bot_status" time="0.110" /><testcase classname="backend.tests.test_iteration8.TestBotAndExistingEndpoints" name="test_bot_toggle" time="0.295" /><testcase classname="backend.tests.test_iteration8.TestBotAndExistingEndpoints" name="test_fragility_endpoint" time="0.109" /><testcase classname="backend.tests.test_iteration8.TestBotAndExistingEndpoints" name="test_signal_score_endpoint" time="0.095" /><testcase classname="backend.tests.test_iteration8.TestBotAndExistingEndpoints" name="test_risk_control_status" time="0.092" /><testcase classname="backend.tests.test_iteration8.TestBotAndExistingEndpoints" name="test_notifications_endpoint" time="0.096" /><testcase classname="backend.tests.test_iteration8.TestTakeProfitTracking" name="test_bot_opportunities_have_tp_levels" time="2.291" /></testsuite></testsuites>